\BOOKMARK [1][-]{section.1}{\376\377\0001\000.\000\040\000I\000n\000t\000r\000o\000d\000u\000c\000t\000i\000o\000n}{}% 1
\BOOKMARK [2][-]{subsection.1.1}{\376\377\0001\000.\0001\000.\000\040\000C\000l\000a\000s\000s\000i\000c\000a\000l\000\040\000i\000n\000v\000a\000r\000i\000a\000n\000t\000\040\000t\000h\000e\000o\000r\000y}{section.1}% 2
\BOOKMARK [2][-]{subsection.1.2}{\376\377\0001\000.\0002\000.\000\040\000G\000e\000o\000m\000e\000t\000r\000i\000c\000\040\000i\000n\000v\000a\000r\000i\000a\000n\000t\000\040\000t\000h\000e\000o\000r\000y}{section.1}% 3
\BOOKMARK [2][-]{subsection.1.3}{\376\377\0001\000.\0003\000.\000\040\000G\000o\000a\000l\000s\000\040\000o\000f\000\040\000t\000h\000i\000s\000\040\000p\000r\000o\000j\000e\000c\000t}{section.1}% 4
\BOOKMARK [2][-]{subsection.1.4}{\376\377\0001\000.\0004\000.\000\040\000T\000o\000r\000i\000c\000\040\000v\000a\000r\000i\000e\000t\000i\000e\000s}{section.1}% 5
\BOOKMARK [2][-]{subsection.1.5}{\376\377\0001\000.\0005\000.\000\040\000D\000i\000r\000e\000c\000t\000i\000o\000n\000s\000\040\000f\000o\000r\000\040\000f\000u\000r\000t\000h\000e\000r\000\040\000r\000e\000s\000e\000a\000r\000c\000h}{section.1}% 6
\BOOKMARK [2][-]{subsection.1.6}{\376\377\0001\000.\0006\000.\000\040\000C\000o\000n\000t\000e\000n\000t\000s\000\040\000o\000f\000\040\000t\000h\000i\000s\000\040\000d\000o\000c\000u\000m\000e\000n\000t}{section.1}% 7
\BOOKMARK [0][-]{section*.2}{\376\377\000P\000a\000r\000t\000\040\000I\000:\000\040\000A\000f\000f\000i\000n\000e\000\040\000t\000o\000r\000i\000c\000\040\000v\000a\000r\000i\000e\000t\000i\000e\000s}{}% 8
\BOOKMARK [1][-]{section.2}{\376\377\0002\000.\000\040\000A\000f\000f\000i\000n\000e\000\040\000v\000a\000r\000i\000e\000t\000i\000e\000s}{section*.2}% 9
\BOOKMARK [2][-]{subsection.2.1}{\376\377\0002\000.\0001\000.\000\040\000A\000f\000f\000i\000n\000e\000\040\000s\000p\000a\000c\000e\000\040\000a\000n\000d\000\040\000a\000l\000g\000e\000b\000r\000a\000i\000c\000\040\000s\000e\000t\000s}{section.2}% 10
\BOOKMARK [2][-]{subsection.2.2}{\376\377\0002\000.\0002\000.\000\040\000P\000r\000o\000p\000e\000r\000t\000i\000e\000s\000\040\000o\000f\000\040\000t\000h\000e\000\040\000m\000a\000p\000\040\000V}{section.2}% 11
\BOOKMARK [2][-]{subsection.2.3}{\376\377\0002\000.\0003\000.\000\040\000T\000h\000e\000\040\000Z\000a\000r\000i\000s\000k\000i\000\040\000t\000o\000p\000o\000l\000o\000g\000y}{section.2}% 12
\BOOKMARK [2][-]{subsection.2.4}{\376\377\0002\000.\0004\000.\000\040\000T\000h\000e\000\040\000m\000a\000p\000\040\000I}{section.2}% 13
\BOOKMARK [2][-]{subsection.2.5}{\376\377\0002\000.\0005\000.\000\040\000T\000h\000e\000\040\000N\000u\000l\000l\000s\000t\000e\000l\000l\000e\000n\000s\000a\000t\000z}{section.2}% 14
\BOOKMARK [2][-]{subsection.2.6}{\376\377\0002\000.\0006\000.\000\040\000C\000o\000o\000r\000d\000i\000n\000a\000t\000e\000\040\000r\000i\000n\000g\000s\000\040\000a\000n\000d\000\040\000r\000e\000g\000u\000l\000a\000r\000\040\000f\000u\000n\000c\000t\000i\000o\000n\000s}{section.2}% 15
\BOOKMARK [2][-]{subsection.2.7}{\376\377\0002\000.\0007\000.\000\040\000P\000o\000l\000y\000n\000o\000m\000i\000a\000l\000\040\000m\000a\000p\000s\000\040\000b\000e\000t\000w\000e\000e\000n\000\040\000a\000l\000g\000e\000b\000r\000a\000i\000c\000\040\000s\000u\000b\000s\000e\000t\000s}{section.2}% 16
\BOOKMARK [2][-]{subsection.2.8}{\376\377\0002\000.\0008\000.\000\040\000O\000p\000e\000n\000\040\000s\000u\000b\000s\000e\000t\000s\000\040\000o\000f\000\040\000a\000l\000g\000e\000b\000r\000a\000i\000c\000\040\000s\000e\000t\000s}{section.2}% 17
\BOOKMARK [2][-]{subsection.2.9}{\376\377\0002\000.\0009\000.\000\040\000R\000e\000g\000u\000l\000a\000r\000\040\000f\000u\000n\000c\000t\000i\000o\000n\000s}{section.2}% 18
\BOOKMARK [2][-]{subsection.2.10}{\376\377\0002\000.\0001\0000\000.\000\040\000S\000h\000e\000a\000v\000e\000s\000\040\000a\000n\000d\000\040\000a\000f\000f\000i\000n\000e\000\040\000v\000a\000r\000i\000e\000t\000i\000e\000s}{section.2}% 19
\BOOKMARK [1][-]{section.3}{\376\377\0003\000.\000\040\000A\000f\000f\000i\000n\000e\000\040\000t\000o\000r\000i\000c\000\040\000v\000a\000r\000i\000e\000t\000i\000e\000s}{section*.2}% 20
\BOOKMARK [2][-]{subsection.3.1}{\376\377\0003\000.\0001\000.\000\040\000C\000o\000n\000v\000e\000x\000\040\000c\000o\000n\000e\000s}{section.3}% 21
\BOOKMARK [2][-]{subsection.3.2}{\376\377\0003\000.\0002\000.\000\040\000P\000o\000l\000y\000h\000e\000d\000r\000a\000l\000\040\000c\000o\000n\000e\000s}{section.3}% 22
\BOOKMARK [2][-]{subsection.3.3}{\376\377\0003\000.\0003\000.\000\040\000T\000h\000e\000\040\000s\000e\000m\000i\000g\000r\000o\000u\000p\000\040\000o\000f\000\040\000a\000\040\000c\000o\000n\000e}{section.3}% 23
\BOOKMARK [2][-]{subsection.3.4}{\376\377\0003\000.\0004\000.\000\040\000T\000h\000e\000\040\000s\000e\000m\000i\000g\000r\000o\000u\000p\000\040\000a\000l\000g\000e\000b\000r\000a\000\040\000a\000n\000d\000\040\000a\000f\000f\000i\000n\000e\000\040\000t\000o\000r\000i\000c\000\040\000v\000a\000r\000i\000e\000t\000i\000e\000s}{section.3}% 24
\BOOKMARK [2][-]{subsection.3.5}{\376\377\0003\000.\0005\000.\000\040\000A\000n\000\040\000/\000/\000T\000\040\000a\000s\000\040\000a\000\040\000t\000o\000r\000i\000c\000\040\000v\000a\000r\000i\000e\000t\000y}{section.3}% 25
\BOOKMARK [2][-]{subsection.3.6}{\376\377\0003\000.\0006\000.\000\040\000A\000n\000\040\000/\000/\000T\000\040\000a\000s\000\040\000a\000\040\000t\000o\000r\000i\000c\000\040\000v\000a\000r\000i\000e\000t\000y\000,\000\040\000a\000g\000a\000i\000n}{section.3}% 26
\BOOKMARK [1][-]{section.4}{\376\377\0004\000.\000\040\000A\000f\000f\000i\000n\000e\000\040\000G\000I\000T\000\040\000a\000n\000d\000\040\000g\000/\000/\000T}{section*.2}% 27
\BOOKMARK [2][-]{subsection.4.1}{\376\377\0004\000.\0001\000.\000\040\000T\000h\000e\000\040\000a\000f\000f\000i\000n\000e\000\040\000G\000I\000T\000\040\000q\000u\000o\000t\000i\000e\000n\000t}{section.4}% 28
\BOOKMARK [2][-]{subsection.4.2}{\376\377\0004\000.\0002\000.\000\040\000A\000\040\000b\000a\000s\000i\000s\000\040\000f\000o\000r\000\040\000C\000[\000g\000]\000T}{section.4}% 29
\BOOKMARK [2][-]{subsection.4.3}{\376\377\0004\000.\0003\000.\000\040\000G\000e\000n\000e\000r\000a\000t\000o\000r\000s\000\040\000f\000o\000r\000\040\000C\000[\000g\000]\000T\000\040\000w\000h\000e\000n\000\040\000G\000\040\000=\000\040\000G\000L\0003\000\050\000C\000\051}{section.4}% 30
\BOOKMARK [2][-]{subsection.4.4}{\376\377\0004\000.\0004\000.\000\040\000H\000i\000l\000b\000e\000r\000t\000\040\000s\000e\000r\000i\000e\000s\000\040\000f\000o\000r\000\040\000C\000[\000g\000]\000T}{section.4}% 31
\BOOKMARK [0][-]{section*.7}{\376\377\000P\000a\000r\000t\000\040\000I\000I\000:\000\040\000A\000b\000s\000t\000r\000a\000c\000t\000\040\000t\000o\000r\000i\000c\000\040\000v\000a\000r\000i\000e\000t\000i\000e\000s}{}% 32
\BOOKMARK [1][-]{section.5}{\376\377\0005\000.\000\040\000A\000b\000s\000t\000r\000a\000c\000t\000\040\000t\000o\000r\000i\000c\000\040\000v\000a\000r\000i\000e\000t\000i\000e\000s}{section*.7}% 33
\BOOKMARK [2][-]{subsection.5.1}{\376\377\0005\000.\0001\000.\000\040\000G\000l\000u\000e\000i\000n\000g\000\040\000a\000f\000f\000i\000n\000e\000\040\000v\000a\000r\000i\000e\000t\000i\000e\000s}{section.5}% 34
\BOOKMARK [2][-]{subsection.5.2}{\376\377\0005\000.\0002\000.\000\040\000A\000b\000s\000t\000r\000a\000c\000t\000\040\000t\000o\000r\000i\000c\000\040\000v\000a\000r\000i\000e\000t\000i\000e\000s}{section.5}% 35
\BOOKMARK [1][-]{section*.8}{\376\377\000R\000e\000f\000e\000r\000e\000n\000c\000e\000s}{section*.7}% 36
